2020-12-03 17:57:51,419 p=7609 u=test1 n=ansible | PLAY [webserver] ****************************************************************************************************************************************************************************
2020-12-03 17:57:51,458 p=7609 u=test1 n=ansible | TASK [Gathering Facts] **********************************************************************************************************************************************************************
2020-12-03 17:57:54,681 p=7609 u=test1 n=ansible | ok: [server2.abc.com]
2020-12-03 17:57:54,742 p=7609 u=test1 n=ansible | TASK [geerlingguy.git : Ensure git is installed (RedHat).] **********************************************************************************************************************************
2020-12-03 17:57:56,487 p=7609 u=test1 n=ansible | ok: [server2.abc.com]
2020-12-03 17:57:56,533 p=7609 u=test1 n=ansible | TASK [geerlingguy.git : Update apt cache (Debian).] *****************************************************************************************************************************************
2020-12-03 17:57:56,601 p=7609 u=test1 n=ansible | skipping: [server2.abc.com]
2020-12-03 17:57:56,653 p=7609 u=test1 n=ansible | TASK [geerlingguy.git : Ensure git is installed (Debian).] **********************************************************************************************************************************
2020-12-03 17:57:56,732 p=7609 u=test1 n=ansible | skipping: [server2.abc.com]
2020-12-03 17:57:56,791 p=7609 u=test1 n=ansible | TASK [geerlingguy.git : Include OS-specific variables (RedHat).] ****************************************************************************************************************************
2020-12-03 17:57:56,866 p=7609 u=test1 n=ansible | skipping: [server2.abc.com]
2020-12-03 17:57:56,913 p=7609 u=test1 n=ansible | TASK [geerlingguy.git : Include OS-specific variables (Fedora).] ****************************************************************************************************************************
2020-12-03 17:57:56,976 p=7609 u=test1 n=ansible | skipping: [server2.abc.com]
2020-12-03 17:57:57,030 p=7609 u=test1 n=ansible | TASK [geerlingguy.git : Include OS-specific variables (Debian).] ****************************************************************************************************************************
2020-12-03 17:57:57,090 p=7609 u=test1 n=ansible | skipping: [server2.abc.com]
2020-12-03 17:57:57,142 p=7609 u=test1 n=ansible | TASK [geerlingguy.git : Define git_install_from_source_dependencies.] ***********************************************************************************************************************
2020-12-03 17:57:57,205 p=7609 u=test1 n=ansible | skipping: [server2.abc.com]
2020-12-03 17:57:57,258 p=7609 u=test1 n=ansible | TASK [geerlingguy.git : Ensure git's dependencies are installed.] ***************************************************************************************************************************
2020-12-03 17:57:57,329 p=7609 u=test1 n=ansible | skipping: [server2.abc.com]
2020-12-03 17:57:57,389 p=7609 u=test1 n=ansible | TASK [geerlingguy.git : Get installed version.] *********************************************************************************************************************************************
2020-12-03 17:57:57,510 p=7609 u=test1 n=ansible | skipping: [server2.abc.com]
2020-12-03 17:57:57,557 p=7609 u=test1 n=ansible | TASK [geerlingguy.git : Force git install if the version numbers do not match.] *************************************************************************************************************
2020-12-03 17:57:57,669 p=7609 u=test1 n=ansible | skipping: [server2.abc.com]
2020-12-03 17:57:57,721 p=7609 u=test1 n=ansible | TASK [geerlingguy.git : Download git.] ******************************************************************************************************************************************************
2020-12-03 17:57:57,838 p=7609 u=test1 n=ansible | skipping: [server2.abc.com]
2020-12-03 17:57:57,883 p=7609 u=test1 n=ansible | TASK [geerlingguy.git : Expand git archive.] ************************************************************************************************************************************************
2020-12-03 17:57:58,017 p=7609 u=test1 n=ansible | skipping: [server2.abc.com]
2020-12-03 17:57:58,079 p=7609 u=test1 n=ansible | TASK [geerlingguy.git : Build git.] *********************************************************************************************************************************************************
2020-12-03 17:57:58,202 p=7609 u=test1 n=ansible | skipping: [server2.abc.com] => (item=all) 
2020-12-03 17:57:58,204 p=7609 u=test1 n=ansible | skipping: [server2.abc.com] => (item=install) 
2020-12-03 17:57:58,216 p=7609 u=test1 n=ansible | PLAY RECAP **********************************************************************************************************************************************************************************
2020-12-03 17:57:58,216 p=7609 u=test1 n=ansible | server2.abc.com            : ok=2    changed=0    unreachable=0    failed=0    skipped=12   rescued=0    ignored=0   
2020-12-03 18:20:21,577 p=7906 u=test1 n=ansible | PLAY [webserver] ****************************************************************************************************************************************************************************
2020-12-03 18:20:21,597 p=7906 u=test1 n=ansible | TASK [Gathering Facts] **********************************************************************************************************************************************************************
2020-12-03 18:20:24,324 p=7906 u=test1 n=ansible | ok: [server2.abc.com]
2020-12-03 18:20:24,378 p=7906 u=test1 n=ansible | TASK [install httpd package] ****************************************************************************************************************************************************************
2020-12-03 18:20:26,417 p=7906 u=test1 n=ansible | ok: [server2.abc.com]
2020-12-03 18:20:26,468 p=7906 u=test1 n=ansible | TASK [copy index.html] **********************************************************************************************************************************************************************
2020-12-03 18:20:28,700 p=7906 u=test1 n=ansible | ok: [server2.abc.com]
2020-12-03 18:20:28,748 p=7906 u=test1 n=ansible | TASK [start the httpd service] **************************************************************************************************************************************************************
2020-12-03 18:20:30,803 p=7906 u=test1 n=ansible | ok: [server2.abc.com]
2020-12-03 18:20:30,806 p=7906 u=test1 n=ansible | PLAY RECAP **********************************************************************************************************************************************************************************
2020-12-03 18:20:30,806 p=7906 u=test1 n=ansible | server2.abc.com            : ok=4    changed=0    unreachable=0    failed=0    skipped=0    rescued=0    ignored=0   
2020-12-03 18:23:22,349 p=7999 u=test1 n=ansible | PLAY [webserver] ****************************************************************************************************************************************************************************
2020-12-03 18:23:22,379 p=7999 u=test1 n=ansible | TASK [Gathering Facts] **********************************************************************************************************************************************************************
2020-12-03 18:23:22,635 p=7999 u=test1 n=ansible | fatal: [server1.abc.com]: UNREACHABLE! => {"changed": false, "msg": "Failed to connect to the host via ssh: Warning: Permanently added 'server1.abc.com,192.168.0.166' (ECDSA) to the list of known hosts.\r\nPermission denied (publickey,gssapi-keyex,gssapi-with-mic,password).", "unreachable": true}
2020-12-03 18:23:22,641 p=7999 u=test1 n=ansible | fatal: [server3.abc.com]: UNREACHABLE! => {"changed": false, "msg": "Failed to connect to the host via ssh: ssh: Could not resolve hostname server3.abc.com: Name or service not known", "unreachable": true}
2020-12-03 18:23:25,380 p=7999 u=test1 n=ansible | ok: [server2.abc.com]
2020-12-03 18:23:25,439 p=7999 u=test1 n=ansible | TASK [install httpd package] ****************************************************************************************************************************************************************
2020-12-03 18:23:27,506 p=7999 u=test1 n=ansible | ok: [server2.abc.com]
2020-12-03 18:23:27,597 p=7999 u=test1 n=ansible | TASK [copy index.html in /var/www/html/index.html] ******************************************************************************************************************************************
2020-12-03 18:23:29,913 p=7999 u=test1 n=ansible | ok: [server2.abc.com]
2020-12-03 18:23:29,972 p=7999 u=test1 n=ansible | TASK [start the httpd service] **************************************************************************************************************************************************************
2020-12-03 18:23:31,950 p=7999 u=test1 n=ansible | ok: [server2.abc.com]
2020-12-03 18:23:31,953 p=7999 u=test1 n=ansible | PLAY RECAP **********************************************************************************************************************************************************************************
2020-12-03 18:23:31,954 p=7999 u=test1 n=ansible | server1.abc.com            : ok=0    changed=0    unreachable=1    failed=0    skipped=0    rescued=0    ignored=0   
2020-12-03 18:23:31,954 p=7999 u=test1 n=ansible | server2.abc.com            : ok=4    changed=0    unreachable=0    failed=0    skipped=0    rescued=0    ignored=0   
2020-12-03 18:23:31,954 p=7999 u=test1 n=ansible | server3.abc.com            : ok=0    changed=0    unreachable=1    failed=0    skipped=0    rescued=0    ignored=0   
